geo_paper — non-sports resolution-hold paper engine (PAPER ONLY)

Loaded state: 116 open, 0 closed
Settling open positions against resolution...
  settled 0 resolved position(s)
Scanning non-sports universe...
  612 non-sports events, 1772 tradeable candidates
  opened 4 new paper position(s)

===================== PER-HYPOTHESIS =====================
H-GEO-1: open 30 | closed 0 | WR 0% | realized $0 | unreal $-5.54
H-GEO-2: open 30 | closed 0 | WR 0% | realized $0 | unreal $-0.35
H-GEO-3: open 30 | closed 0 | WR 0% | realized $0 | unreal $-23.81
H-GEO-4: open 30 | closed 0 | WR 0% | realized $0 | unreal $0.78

TOTAL realized $0 (0 closed) | unrealized $-28.92 (120 open)
[telegram] report sent

State saved to /root/geo_engine/geo_paper_state.json
geo_paper — non-sports resolution-hold paper engine (PAPER ONLY)

Loaded state: 120 open, 0 closed
Settling open positions against resolution...
  settled 0 resolved position(s)
Scanning non-sports universe...
  608 non-sports events, 1831 tradeable candidates
  opened 0 new paper position(s)

===================== PER-HYPOTHESIS =====================
H-GEO-1: open 30 | closed 0 | WR 0% | realized $0 | unreal $-8.24
H-GEO-2: open 30 | closed 0 | WR 0% | realized $0 | unreal $-2.43
H-GEO-3: open 30 | closed 0 | WR 0% | realized $0 | unreal $-15.6
H-GEO-4: open 30 | closed 0 | WR 0% | realized $0 | unreal $-18.46

TOTAL realized $0 (0 closed) | unrealized $-44.74 (120 open)
[telegram] report sent

State saved to /root/geo_engine/geo_paper_state.json
[publish] pushed (remote up to date)
geo_paper — non-sports resolution-hold paper engine (PAPER ONLY)

Loaded state: 120 open, 0 closed
Settling open positions against resolution...
  settled 0 resolved position(s)
Scanning non-sports universe...
  610 non-sports events, 1806 tradeable candidates
  opened 0 new paper position(s)

===================== PER-HYPOTHESIS =====================
H-GEO-1: open 30 | closed 0 | WR 0% | realized $0 | unreal $-4.15
H-GEO-2: open 30 | closed 0 | WR 0% | realized $0 | unreal $-6.59
H-GEO-3: open 30 | closed 0 | WR 0% | realized $0 | unreal $-28.61
H-GEO-4: open 30 | closed 0 | WR 0% | realized $0 | unreal $-15

TOTAL realized $0 (0 closed) | unrealized $-54.35 (120 open)
[telegram] report sent

State saved to /root/geo_engine/geo_paper_state.json
[publish] pushed (remote up to date)
geo_paper — non-sports resolution-hold paper engine (PAPER ONLY)

Loaded state: 120 open, 0 closed
Settling open positions against resolution...
  settled 0 resolved position(s)
Scanning non-sports universe...
  618 non-sports events, 1885 tradeable candidates
  opened 0 new paper position(s)

===================== PER-HYPOTHESIS =====================
H-GEO-1: open 30 | closed 0 | WR 0% | realized $0 | unreal $-5.68
H-GEO-2: open 30 | closed 0 | WR 0% | realized $0 | unreal $-2.21
H-GEO-3: open 30 | closed 0 | WR 0% | realized $0 | unreal $-21.77
H-GEO-4: open 30 | closed 0 | WR 0% | realized $0 | unreal $-12.77

TOTAL realized $0 (0 closed) | unrealized $-42.43 (120 open)
[telegram] report sent

State saved to /root/geo_engine/geo_paper_state.json
[publish] pushed (remote up to date)
geo_paper — non-sports resolution-hold paper engine (PAPER ONLY)

Loaded state: 120 open, 0 closed
Settling open positions against resolution...
  settled 0 resolved position(s)
Scanning non-sports universe...
  619 non-sports events, 1860 tradeable candidates
  opened 0 new paper position(s)

===================== PER-HYPOTHESIS =====================
H-GEO-1: open 30 | closed 0 | WR 0% | realized $0 | unreal $-1.94
H-GEO-2: open 30 | closed 0 | WR 0% | realized $0 | unreal $-1.79
H-GEO-3: open 30 | closed 0 | WR 0% | realized $0 | unreal $-45.25
H-GEO-4: open 30 | closed 0 | WR 0% | realized $0 | unreal $-19.97

TOTAL realized $0 (0 closed) | unrealized $-68.95 (120 open)
[telegram] report sent

State saved to /root/geo_engine/geo_paper_state.json
[publish] pushed (remote up to date)
geo_paper — non-sports resolution-hold paper engine (PAPER ONLY)

Loaded state: 120 open, 0 closed
Settling open positions against resolution...
  settled 0 resolved position(s)
Scanning non-sports universe...
  620 non-sports events, 1837 tradeable candidates
  opened 0 new paper position(s)

===================== PER-HYPOTHESIS =====================
H-GEO-1: open 30 | closed 0 | WR 0% | realized $0 | unreal $0.54
H-GEO-2: open 30 | closed 0 | WR 0% | realized $0 | unreal $0.81
H-GEO-3: open 30 | closed 0 | WR 0% | realized $0 | unreal $-66.17
H-GEO-4: open 30 | closed 0 | WR 0% | realized $0 | unreal $-18.86

TOTAL realized $0 (0 closed) | unrealized $-83.69 (120 open)
[telegram] report sent

State saved to /root/geo_engine/geo_paper_state.json
[publish] pushed (remote up to date)
geo_paper — non-sports resolution-hold paper engine (PAPER ONLY)

Loaded state: 120 open, 0 closed
Settling open positions against resolution...
  settled 0 resolved position(s)
Scanning non-sports universe...
  615 non-sports events, 1779 tradeable candidates
  opened 0 new paper position(s)

===================== PER-HYPOTHESIS =====================
H-GEO-1: open 30 | closed 0 | WR 0% | realized $0 | unreal $-6.64
H-GEO-2: open 30 | closed 0 | WR 0% | realized $0 | unreal $0.96
H-GEO-3: open 30 | closed 0 | WR 0% | realized $0 | unreal $-67.57
H-GEO-4: open 30 | closed 0 | WR 0% | realized $0 | unreal $-21.62

TOTAL realized $0 (0 closed) | unrealized $-94.87 (120 open)
[telegram] report sent

State saved to /root/geo_engine/geo_paper_state.json
[publish] pushed (remote up to date)
geo_paper — non-sports resolution-hold paper engine (PAPER ONLY)

Loaded state: 120 open, 0 closed
Settling open positions against resolution...
  settled 0 resolved position(s)
Scanning non-sports universe...
  620 non-sports events, 1873 tradeable candidates
  opened 0 new paper position(s)

===================== PER-HYPOTHESIS =====================
H-GEO-1: open 30 | closed 0 | WR 0% | realized $0 | unreal $-2.24
H-GEO-2: open 30 | closed 0 | WR 0% | realized $0 | unreal $3.41
H-GEO-3: open 30 | closed 0 | WR 0% | realized $0 | unreal $-90.41
H-GEO-4: open 30 | closed 0 | WR 0% | realized $0 | unreal $-19.66

TOTAL realized $0 (0 closed) | unrealized $-108.9 (120 open)
[telegram] report sent

State saved to /root/geo_engine/geo_paper_state.json
